<?xml version="1.0" encoding="UTF-8"?>
<testsuite xmlns:xsi="http://www.w3.org/2001/XMLSchema-instance" xsi:noNamespaceSchemaLocation="https://maven.apache.org/surefire/maven-surefire-plugin/xsd/surefire-test-report.xsd" name="com.luanhm.mathutil.core.MathUtilTest" time="0.07" tests="6" errors="0" skipped="0" failures="0">
  <properties>
[...]
</properties>
  <testcase name="testFactorialGivennRightArgumentReturnWell{int, long}[1]" classname="com.luanhm.mathutil.core.MathUtilTest" time="0.032"/>
  <testcase name="testFactorialGivennRightArgumentReturnWell{int, long}[2]" classname="com.luanhm.mathutil.core.MathUtilTest" time="0"/>
  <testcase name="testFactorialGivennRightArgumentReturnWell{int, long}[3]" classname="com.luanhm.mathutil.core.MathUtilTest" time="0"/>
  <testcase name="testFactorialGivennRightArgumentReturnWell{int, long}[4]" classname="com.luanhm.mathutil.core.MathUtilTest" time="0.001"/>
  <testcase name="testFactorialGivennRightArgumentReturnWell{int, long}[5]" classname="com.luanhm.mathutil.core.MathUtilTest" time="0.001"/>
  <testcase name="testFactorialGivenWrongArguamentThrowsException" classname="com.luanhm.mathutil.core.MathUtilTest" time="0.002"/>
</testsuite>